2019-10-10 10:37:02 =ERROR REPORT====
** Generic server <0.245.0> terminating 
** Last message in was socket_closed
** When Server state == {state,amqp_network_connection,{state,#Port<0.10>,<<"client 127.0.0.1:53149 -> 127.0.0.1:5672">>,10,<0.250.0>,131072,<0.244.0>,undefined,false},<0.249.0>,{amqp_params_network,<<"rabbitmq">>,<<"rabbitmq">>,<<"/">>,"localhost",5672,0,0,10,50000,none,[fun amqp_auth_mechanisms:plain/3,fun amqp_auth_mechanisms:amqplain/3],[],[]},2047,[{<<"capabilities">>,table,[{<<"publisher_confirms">>,bool,true},{<<"exchange_exchange_bindings">>,bool,true},{<<"basic.nack">>,bool,true},{<<"consumer_cancel_notify">>,bool,true},{<<"connection.blocked">>,bool,true},{<<"consumer_priorities">>,bool,true},{<<"authentication_failure_close">>,bool,true},{<<"per_consumer_qos">>,bool,true},{<<"direct_reply_to">>,bool,true}]},{<<"cluster_name">>,longstr,<<"rabbit@hasli">>},{<<"copyright">>,longstr,<<"Copyright (C) 2007-2019 Pivotal Software, Inc.">>},{<<"information">>,longstr,<<"Licensed under the MPL.  See https://www.rabbitmq.com/">>},{<<"platform">>,longstr,<<"Erlang/OTP 22.1.1">>},{<<"product">>,longstr,<<"RabbitMQ">>},{<<"version">>,longstr,<<"3.8.0">>}],none,false}
** Reason for termination == 
** socket_closed_unexpectedly
2019-10-10 10:37:02 =CRASH REPORT====
  crasher:
    initial call: amqp_gen_connection:init/1
    pid: <0.245.0>
    registered_name: []
    exception exit: {socket_closed_unexpectedly,[{gen_server,handle_common_reply,8,[{file,"gen_server.erl"},{line,751}]},{proc_lib,init_p_do_apply,3,[{file,"proc_lib.erl"},{line,249}]}]}
    ancestors: [<0.243.0>,amqp_sup,<0.230.0>]
    message_queue_len: 0
    messages: []
    links: [<0.243.0>]
    dictionary: [{process_name,{amqp_gen_connection,<<"client 127.0.0.1:53149 -> 127.0.0.1:5672">>}},{gen_server_call_timeout,60000}]
    trap_exit: true
    status: running
    heap_size: 2586
    stack_size: 27
    reductions: 222613
  neighbours:
2019-10-10 10:37:02 =SUPERVISOR REPORT====
     Supervisor: {<0.243.0>,amqp_connection_sup}
     Context:    child_terminated
     Reason:     socket_closed_unexpectedly
     Offender:   [{pid,<0.245.0>},{name,connection},{mfargs,{amqp_gen_connection,start_link,[<0.244.0>,{amqp_params_network,<<"rabbitmq">>,<<"rabbitmq">>,<<"/">>,"localhost",5672,0,0,10,50000,none,[fun amqp_auth_mechanisms:plain/3,fun amqp_auth_mechanisms:amqplain/3],[],[]}]}},{restart_type,intrinsic},{shutdown,brutal_kill},{child_type,worker}]

2019-10-10 10:37:02 =SUPERVISOR REPORT====
     Supervisor: {<0.243.0>,amqp_connection_sup}
     Context:    shutdown
     Reason:     reached_max_restart_intensity
     Offender:   [{pid,<0.245.0>},{name,connection},{mfargs,{amqp_gen_connection,start_link,[<0.244.0>,{amqp_params_network,<<"rabbitmq">>,<<"rabbitmq">>,<<"/">>,"localhost",5672,0,0,10,50000,none,[fun amqp_auth_mechanisms:plain/3,fun amqp_auth_mechanisms:amqplain/3],[],[]}]}},{restart_type,intrinsic},{shutdown,brutal_kill},{child_type,worker}]

2019-10-10 14:11:05 =SUPERVISOR REPORT====
     Supervisor: {<0.248.0>,amqp_channel_sup_sup}
     Context:    shutdown_error
     Reason:     noproc
     Offender:   [{nb_children,1},{name,channel_sup},{mfargs,{amqp_channel_sup,start_link,[network,<0.245.0>,<<"client 127.0.0.1:34349 -> 127.0.0.1:5672">>]}},{restart_type,temporary},{shutdown,infinity},{child_type,supervisor}]

