2019-10-09 18:31:46.727 [info] <0.42.0> Application lager started on node 'empfangerli@tobi-viu'
2019-10-09 18:31:46.730 [info] <0.42.0> Application xmerl started on node 'empfangerli@tobi-viu'
2019-10-09 18:31:46.731 [info] <0.42.0> Application jsx started on node 'empfangerli@tobi-viu'
2019-10-09 18:31:46.733 [info] <0.42.0> Application ranch started on node 'empfangerli@tobi-viu'
2019-10-09 18:31:46.734 [info] <0.42.0> Application recon started on node 'empfangerli@tobi-viu'
2019-10-09 18:31:46.734 [info] <0.42.0> Application rabbit_common started on node 'empfangerli@tobi-viu'
2019-10-09 18:31:46.739 [info] <0.42.0> Application amqp_client started on node 'empfangerli@tobi-viu'
2019-10-09 18:31:46.742 [info] <0.42.0> Application amqp started on node 'empfangerli@tobi-viu'
2019-10-09 18:31:46.742 [info] <0.42.0> Application empfangerli started on node 'empfangerli@tobi-viu'
2019-10-09 18:37:36.352 [info] <0.42.0> Application lager started on node 'empfangerli@tobi-viu'
2019-10-09 18:37:36.354 [info] <0.42.0> Application xmerl started on node 'empfangerli@tobi-viu'
2019-10-09 18:37:36.355 [info] <0.42.0> Application jsx started on node 'empfangerli@tobi-viu'
2019-10-09 18:37:36.358 [info] <0.42.0> Application ranch started on node 'empfangerli@tobi-viu'
2019-10-09 18:37:36.358 [info] <0.42.0> Application recon started on node 'empfangerli@tobi-viu'
2019-10-09 18:37:36.358 [info] <0.42.0> Application rabbit_common started on node 'empfangerli@tobi-viu'
2019-10-09 18:37:36.364 [info] <0.42.0> Application amqp_client started on node 'empfangerli@tobi-viu'
2019-10-09 18:37:36.366 [info] <0.42.0> Application amqp started on node 'empfangerli@tobi-viu'
2019-10-09 18:37:36.368 [info] <0.42.0> Application empfangerli started on node 'empfangerli@tobi-viu'
2019-10-09 18:39:22.792 [info] <0.42.0> Application lager started on node 'empfangerli@tobi-viu'
2019-10-09 18:39:22.795 [info] <0.42.0> Application xmerl started on node 'empfangerli@tobi-viu'
2019-10-09 18:39:22.796 [info] <0.42.0> Application jsx started on node 'empfangerli@tobi-viu'
2019-10-09 18:39:22.799 [info] <0.42.0> Application ranch started on node 'empfangerli@tobi-viu'
2019-10-09 18:39:22.799 [info] <0.42.0> Application recon started on node 'empfangerli@tobi-viu'
2019-10-09 18:39:22.799 [info] <0.42.0> Application rabbit_common started on node 'empfangerli@tobi-viu'
2019-10-09 18:39:22.805 [info] <0.42.0> Application amqp_client started on node 'empfangerli@tobi-viu'
2019-10-09 18:39:22.808 [info] <0.42.0> Application amqp started on node 'empfangerli@tobi-viu'
2019-10-09 18:39:22.809 [info] <0.42.0> Application empfangerli started on node 'empfangerli@tobi-viu'
2019-10-10 10:29:23.952 [info] <0.42.0> Application lager started on node 'empfangerli@tobi-viu'
2019-10-10 10:29:23.957 [info] <0.42.0> Application xmerl started on node 'empfangerli@tobi-viu'
2019-10-10 10:29:23.958 [info] <0.42.0> Application jsx started on node 'empfangerli@tobi-viu'
2019-10-10 10:29:23.963 [info] <0.42.0> Application ranch started on node 'empfangerli@tobi-viu'
2019-10-10 10:29:23.964 [info] <0.42.0> Application recon started on node 'empfangerli@tobi-viu'
2019-10-10 10:29:23.964 [info] <0.42.0> Application rabbit_common started on node 'empfangerli@tobi-viu'
2019-10-10 10:29:23.979 [info] <0.42.0> Application amqp_client started on node 'empfangerli@tobi-viu'
2019-10-10 10:29:23.986 [info] <0.42.0> Application amqp started on node 'empfangerli@tobi-viu'
2019-10-10 10:29:23.988 [info] <0.42.0> Application empfangerli started on node 'empfangerli@tobi-viu'
2019-10-10 10:30:10.793 [info] <0.42.0> Application lager started on node 'empfangerli@tobi-viu'
2019-10-10 10:30:10.796 [info] <0.42.0> Application xmerl started on node 'empfangerli@tobi-viu'
2019-10-10 10:30:10.797 [info] <0.42.0> Application jsx started on node 'empfangerli@tobi-viu'
2019-10-10 10:30:10.799 [info] <0.42.0> Application ranch started on node 'empfangerli@tobi-viu'
2019-10-10 10:30:10.800 [info] <0.42.0> Application recon started on node 'empfangerli@tobi-viu'
2019-10-10 10:30:10.800 [info] <0.42.0> Application rabbit_common started on node 'empfangerli@tobi-viu'
2019-10-10 10:30:10.804 [info] <0.42.0> Application amqp_client started on node 'empfangerli@tobi-viu'
2019-10-10 10:30:10.805 [info] <0.42.0> Application amqp started on node 'empfangerli@tobi-viu'
2019-10-10 10:30:10.805 [info] <0.42.0> Application empfangerli started on node 'empfangerli@tobi-viu'
2019-10-10 10:35:20.574 [info] <0.42.0> Application lager started on node 'empfangerli@tobi-viu'
2019-10-10 10:35:20.577 [info] <0.42.0> Application xmerl started on node 'empfangerli@tobi-viu'
2019-10-10 10:35:20.577 [info] <0.42.0> Application jsx started on node 'empfangerli@tobi-viu'
2019-10-10 10:35:20.579 [info] <0.42.0> Application ranch started on node 'empfangerli@tobi-viu'
2019-10-10 10:35:20.580 [info] <0.42.0> Application recon started on node 'empfangerli@tobi-viu'
2019-10-10 10:35:20.580 [info] <0.42.0> Application rabbit_common started on node 'empfangerli@tobi-viu'
2019-10-10 10:35:20.584 [info] <0.42.0> Application amqp_client started on node 'empfangerli@tobi-viu'
2019-10-10 10:35:20.585 [info] <0.42.0> Application amqp started on node 'empfangerli@tobi-viu'
2019-10-10 10:35:20.585 [info] <0.42.0> Application empfangerli started on node 'empfangerli@tobi-viu'
2019-10-10 10:37:02.297 [error] <0.245.0> gen_server <0.245.0> terminated with reason: socket_closed_unexpectedly
2019-10-10 10:37:02.301 [error] <0.245.0> CRASH REPORT Process <0.245.0> with 0 neighbours exited with reason: socket_closed_unexpectedly in gen_server:handle_common_reply/8 line 751
2019-10-10 10:37:02.301 [error] <0.243.0> Supervisor {<0.243.0>,amqp_connection_sup} had child connection started with amqp_gen_connection:start_link(<0.244.0>, {amqp_params_network,<<"rabbitmq">>,<<"rabbitmq">>,<<"/">>,"localhost",5672,0,0,10,50000,none,[fun a..>,...],...}) at <0.245.0> exit with reason socket_closed_unexpectedly in context child_terminated
2019-10-10 10:37:02.302 [error] <0.243.0> Supervisor {<0.243.0>,amqp_connection_sup} had child connection started with amqp_gen_connection:start_link(<0.244.0>, {amqp_params_network,<<"rabbitmq">>,<<"rabbitmq">>,<<"/">>,"localhost",5672,0,0,10,50000,none,[fun a..>,...],...}) at <0.245.0> exit with reason reached_max_restart_intensity in context shutdown
2019-10-10 13:36:17.719 [info] <0.42.0> Application lager started on node 'empfangerli@tobi-viu'
2019-10-10 13:36:17.722 [info] <0.42.0> Application xmerl started on node 'empfangerli@tobi-viu'
2019-10-10 13:36:17.723 [info] <0.42.0> Application jsx started on node 'empfangerli@tobi-viu'
2019-10-10 13:36:17.725 [info] <0.42.0> Application ranch started on node 'empfangerli@tobi-viu'
2019-10-10 13:36:17.726 [info] <0.42.0> Application recon started on node 'empfangerli@tobi-viu'
2019-10-10 13:36:17.726 [info] <0.42.0> Application rabbit_common started on node 'empfangerli@tobi-viu'
2019-10-10 13:36:17.730 [info] <0.42.0> Application amqp_client started on node 'empfangerli@tobi-viu'
2019-10-10 13:36:17.731 [info] <0.42.0> Application amqp started on node 'empfangerli@tobi-viu'
2019-10-10 13:36:17.731 [info] <0.42.0> Application empfangerli started on node 'empfangerli@tobi-viu'
2019-10-10 13:53:35.671 [warning] <0.245.0> Connection (<0.245.0>) closing: received hard error {'connection.close',320,<<"CONNECTION_FORCED - broker forced connection closure with reason 'shutdown'">>,0,0} from server
2019-10-10 13:54:24.394 [info] <0.42.0> Application lager started on node 'empfangerli@tobi-viu'
2019-10-10 13:54:24.397 [info] <0.42.0> Application xmerl started on node 'empfangerli@tobi-viu'
2019-10-10 13:54:24.398 [info] <0.42.0> Application jsx started on node 'empfangerli@tobi-viu'
2019-10-10 13:54:24.400 [info] <0.42.0> Application ranch started on node 'empfangerli@tobi-viu'
2019-10-10 13:54:24.401 [info] <0.42.0> Application recon started on node 'empfangerli@tobi-viu'
2019-10-10 13:54:24.401 [info] <0.42.0> Application rabbit_common started on node 'empfangerli@tobi-viu'
2019-10-10 13:54:24.405 [info] <0.42.0> Application amqp_client started on node 'empfangerli@tobi-viu'
2019-10-10 13:54:24.406 [info] <0.42.0> Application amqp started on node 'empfangerli@tobi-viu'
2019-10-10 13:54:24.406 [info] <0.42.0> Application empfangerli started on node 'empfangerli@tobi-viu'
2019-10-10 14:01:36.336 [info] <0.42.0> Application lager started on node 'empfangerli@tobi-viu'
2019-10-10 14:01:36.338 [info] <0.42.0> Application xmerl started on node 'empfangerli@tobi-viu'
2019-10-10 14:01:36.340 [info] <0.42.0> Application jsx started on node 'empfangerli@tobi-viu'
2019-10-10 14:01:36.342 [info] <0.42.0> Application ranch started on node 'empfangerli@tobi-viu'
2019-10-10 14:01:36.343 [info] <0.42.0> Application recon started on node 'empfangerli@tobi-viu'
2019-10-10 14:01:36.343 [info] <0.42.0> Application rabbit_common started on node 'empfangerli@tobi-viu'
2019-10-10 14:01:36.347 [info] <0.42.0> Application amqp_client started on node 'empfangerli@tobi-viu'
2019-10-10 14:01:36.348 [info] <0.42.0> Application amqp started on node 'empfangerli@tobi-viu'
2019-10-10 14:01:36.349 [info] <0.42.0> Application empfangerli started on node 'empfangerli@tobi-viu'
2019-10-10 14:11:05.191 [warning] <0.245.0> Connection (<0.245.0>) closing: received hard error {'connection.close',320,<<"CONNECTION_FORCED - broker forced connection closure with reason 'shutdown'">>,0,0} from server
2019-10-10 14:11:05.192 [error] <0.248.0> Supervisor {<0.248.0>,amqp_channel_sup_sup} had child channel_sup started with amqp_channel_sup:start_link(network, <0.245.0>, <<"client 127.0.0.1:34349 -> 127.0.0.1:5672">>) at undefined exit with reason noproc in context shutdown_error
2019-11-08 12:50:15.675 [info] <0.42.0> Application lager started on node 'empfangerli@tobi-viu'
2019-11-08 12:50:15.678 [info] <0.42.0> Application xmerl started on node 'empfangerli@tobi-viu'
2019-11-08 12:50:15.679 [info] <0.42.0> Application jsx started on node 'empfangerli@tobi-viu'
2019-11-08 12:50:15.682 [info] <0.42.0> Application ranch started on node 'empfangerli@tobi-viu'
2019-11-08 12:50:15.683 [info] <0.42.0> Application recon started on node 'empfangerli@tobi-viu'
2019-11-08 12:50:15.683 [info] <0.42.0> Application rabbit_common started on node 'empfangerli@tobi-viu'
2019-11-08 12:50:15.689 [info] <0.42.0> Application amqp_client started on node 'empfangerli@tobi-viu'
2019-11-08 12:50:15.692 [info] <0.42.0> Application amqp started on node 'empfangerli@tobi-viu'
2019-11-08 12:50:15.693 [info] <0.42.0> Application empfangerli started on node 'empfangerli@tobi-viu'
